<?xml version="1.0" encoding="UTF-8"?>
<!-- Generated by org.testng.reporters.JUnitReportReporter -->
<testsuite skipped="0" hostname="Amul-PC" name="Working.with.Modular.driven.framework.Orange_login_add_logout_close" tests="1" failures="0" timestamp="2020-02-29T17:03:32 IST" time="29.621" errors="0">
  <testcase name="login" time="29.621" classname="Working.with.Modular.driven.framework.Orange_login_add_logout_close"/>
</testsuite> <!-- Working.with.Modular.driven.framework.Orange_login_add_logout_close -->
