<?xml version="1.0" encoding="UTF-8"?>
<!-- Generated by org.testng.reporters.JUnitReportReporter -->
<testsuite skipped="0" hostname="Amul-PC" name="Working.with.Hybrid.driven.framework.New_tours_register_using_ddt_modular" tests="1" failures="0" timestamp="2020-03-02T15:48:03 IST" time="94.675" errors="0">
  <testcase name="operationTours" time="94.675" classname="Working.with.Hybrid.driven.framework.New_tours_register_using_ddt_modular"/>
</testsuite> <!-- Working.with.Hybrid.driven.framework.New_tours_register_using_ddt_modular -->
