<?xml version="1.0" encoding="UTF-8"?>
<!-- Generated by org.testng.reporters.JUnitReportReporter -->
<testsuite skipped="0" hostname="Amul-PC" name="Working.with.Keyword.driven.framework.Orange_HRM_Driver_Script" tests="1" failures="0" timestamp="2020-02-29T20:59:16 IST" time="30.621" errors="0">
  <testcase name="operationSet" time="30.621" classname="Working.with.Keyword.driven.framework.Orange_HRM_Driver_Script"/>
</testsuite> <!-- Working.with.Keyword.driven.framework.Orange_HRM_Driver_Script -->
