<?xml version="1.0" encoding="UTF-8"?>
<!-- Generated by org.testng.reporters.JUnitReportReporter -->
<testsuite skipped="0" hostname="Amul-PC" name="Working.with.Hybrid.driven.framework.Orange_HRM_Driver_Script" tests="1" failures="0" timestamp="2020-03-02T20:39:23 IST" time="61.213" errors="0">
  <testcase name="operationSet" time="61.213" classname="Working.with.Hybrid.driven.framework.Orange_HRM_Driver_Script"/>
</testsuite> <!-- Working.with.Hybrid.driven.framework.Orange_HRM_Driver_Script -->
