<?xml version="1.0" encoding="UTF-8"?>
<!-- Generated by org.testng.reporters.JUnitReportReporter -->
<testsuite skipped="0" hostname="Amul-PC" name="Working.with.Data.driven.framewwork.New_tours_compare_values" tests="1" failures="0" timestamp="2020-02-28T19:40:05 IST" time="12.472" errors="0">
  <testcase name="dataTestOperation" time="12.472" classname="Working.with.Data.driven.framewwork.New_tours_compare_values"/>
</testsuite> <!-- Working.with.Data.driven.framewwork.New_tours_compare_values -->
