<?xml version="1.0" encoding="UTF-8"?>
<!-- Generated by org.testng.reporters.JUnitReportReporter -->
<testsuite skipped="0" hostname="Amul-PC" name="Working.with.Keyword.driven.framework.resuable.methods.Mercury_Main_scripts_Actions" tests="3" failures="0" timestamp="2020-03-02T11:39:34 IST" time="20.384" errors="0">
  <testcase name="navigate" time="16.339" classname="Working.with.Keyword.driven.framework.resuable.methods.Mercury_Main_scripts_Actions"/>
  <testcase name="closePopup" time="4.041" classname="Working.with.Keyword.driven.framework.resuable.methods.Mercury_Main_scripts_Actions"/>
  <testcase name="closeBrowser" time="0.004" classname="Working.with.Keyword.driven.framework.resuable.methods.Mercury_Main_scripts_Actions"/>
</testsuite> <!-- Working.with.Keyword.driven.framework.resuable.methods.Mercury_Main_scripts_Actions -->
