<?xml version="1.0" encoding="UTF-8"?>
<!-- Generated by org.testng.reporters.JUnitReportReporter -->
<testsuite skipped="0" hostname="Amul-PC" name="Working.with.Modular.driven.framework.New_tours_register_verify_ss_close" tests="1" failures="0" timestamp="2020-03-02T20:39:24 IST" time="55.475" errors="0">
  <testcase name="operationTours" time="55.475" classname="Working.with.Modular.driven.framework.New_tours_register_verify_ss_close"/>
</testsuite> <!-- Working.with.Modular.driven.framework.New_tours_register_verify_ss_close -->
