<?xml version="1.0" encoding="UTF-8"?>
<!-- Generated by org.testng.reporters.JUnitReportReporter -->
<testsuite skipped="0" hostname="Amul-PC" name="Working.with.Data.driven.framewwork.New_tours_registration_using_excel" tests="1" failures="0" timestamp="2020-03-02T20:39:23 IST" time="109.444" errors="0">
  <testcase name="dataTestOperation" time="109.444" classname="Working.with.Data.driven.framewwork.New_tours_registration_using_excel"/>
</testsuite> <!-- Working.with.Data.driven.framewwork.New_tours_registration_using_excel -->
