<?xml version="1.0" encoding="UTF-8"?>
<!-- Generated by org.testng.reporters.JUnitReportReporter -->
<testsuite skipped="0" hostname="Amul-PC" name="Working.with.Keyword.driven.framework.Mercury_Driver_Script" tests="1" failures="0" timestamp="2020-03-02T20:39:24 IST" time="69.002" errors="0">
  <testcase name="operationSet" time="69.002" classname="Working.with.Keyword.driven.framework.Mercury_Driver_Script"/>
</testsuite> <!-- Working.with.Keyword.driven.framework.Mercury_Driver_Script -->
