<?xml version="1.0" encoding="UTF-8"?>
<!-- Generated by org.testng.reporters.JUnitReportReporter -->
<testsuite skipped="0" hostname="Amul-PC" name="Working.with.Data.driven.framewwork.Orange_hrm_DDF" tests="1" failures="0" timestamp="2020-02-28T18:22:35 IST" time="112.355" errors="0">
  <testcase name="dataTestOperation" time="112.355" classname="Working.with.Data.driven.framewwork.Orange_hrm_DDF"/>
</testsuite> <!-- Working.with.Data.driven.framewwork.Orange_hrm_DDF -->
