<?xml version="1.0" encoding="UTF-8"?>
<!-- Generated by org.testng.reporters.JUnitReportReporter -->
<testsuite skipped="0" hostname="Amul-PC" name="Self.Test.Testing" tests="1" failures="0" timestamp="2020-03-02T14:20:10 IST" time="40.691" errors="0">
  <testcase name="holidaysSearch" time="40.691" classname="Self.Test.Testing"/>
</testsuite> <!-- Self.Test.Testing -->
