<?xml version="1.0" encoding="UTF-8"?>
<!-- Generated by org.testng.reporters.JUnitReportReporter -->
<testsuite skipped="0" hostname="Amul-PC" name="Working.with.Modular.driven.framework.Orange_login_verifyStatus_logout_close" tests="1" failures="0" timestamp="2020-02-29T16:32:00 IST" time="27.085" errors="0">
  <testcase name="Opeartion" time="27.085" classname="Working.with.Modular.driven.framework.Orange_login_verifyStatus_logout_close"/>
</testsuite> <!-- Working.with.Modular.driven.framework.Orange_login_verifyStatus_logout_close -->
